<?xml version="1.0" encoding="UTF-8"?>
<testng-results skipped="0" failed="0" total="1" passed="1">
  <reporter-output>
  </reporter-output>
  <suite name="Default suite" duration-ms="27725" started-at="2016-09-19T00:32:27Z" finished-at="2016-09-19T00:32:55Z">
    <groups>
    </groups>
    <test name="Default test" duration-ms="27725" started-at="2016-09-19T00:32:27Z" finished-at="2016-09-19T00:32:55Z">
      <class name="testCases1.ExecuteTest1">
        <test-method status="PASS" signature="testLogin()[pri:0, instance:testCases1.ExecuteTest1@61832929]" name="testLogin" duration-ms="27706" started-at="2016-09-18T19:32:27Z" finished-at="2016-09-18T19:32:55Z">
          <reporter-output>
          </reporter-output>
        </test-method> <!-- testLogin -->
      </class> <!-- testCases1.ExecuteTest1 -->
    </test> <!-- Default test -->
  </suite> <!-- Default suite -->
</testng-results>
